<?xml version="1.0" encoding="UTF-8"?>
<testsuite name="com.gildedrose.GildedRoseTest" tests="13" skipped="0" failures="0" errors="0" timestamp="2022-10-07T13:35:03" hostname="pikachu" time="0.353">
  <properties/>
  <testcase name="Test that the name is unchanged" classname="com.gildedrose.GildedRoseTest" time="0.07"/>
  <testcase name="Test toString() function worked" classname="com.gildedrose.GildedRoseTest" time="0.099"/>
  <testcase name="Test that the Aged Brie quality is unchanged" classname="com.gildedrose.GildedRoseTest" time="0.003"/>
  <testcase name="Test 'Backstage passes to a TAFKAL80ETC concert' item" classname="com.gildedrose.GildedRoseTest" time="0.004"/>
  <testcase name="Test that the quality is updated for each item of app" classname="com.gildedrose.GildedRoseTest" time="0.004"/>
  <testcase name="Test Conjured item" classname="com.gildedrose.GildedRoseTest" time="0.004"/>
  <testcase name="Test that the quality is changed" classname="com.gildedrose.GildedRoseTest" time="0.004"/>
  <testcase name="Test Sulfuras is changed" classname="com.gildedrose.GildedRoseTest" time="0.004"/>
  <testcase name="Test that the quality is changed with sellIn negative value" classname="com.gildedrose.GildedRoseTest" time="0.004"/>
  <testcase name="Test that the Aged Brie quality is changed" classname="com.gildedrose.GildedRoseTest" time="0.023"/>
  <testcase name="Test that the Aged Brie quality is changed and sellIn &lt; 0" classname="com.gildedrose.GildedRoseTest" time="0.01"/>
  <testcase name="Test that the quality maxed out" classname="com.gildedrose.GildedRoseTest" time="0.003"/>
  <testcase name="Test that the sellIn is changed" classname="com.gildedrose.GildedRoseTest" time="0.004"/>
  <system-out><![CDATA[]]></system-out>
  <system-err><![CDATA[]]></system-err>
</testsuite>
