<?xml version="1.0" encoding="UTF-8"?>
<testsuite name="com.gildedrose.GildedRoseTest" tests="11" skipped="0" failures="0" errors="0" timestamp="2022-10-06T09:42:50" hostname="pikachu" time="0.867">
  <properties/>
  <testcase name="Test that the name is unchanged" classname="com.gildedrose.GildedRoseTest" time="0.191"/>
  <testcase name="Test toString() function worked" classname="com.gildedrose.GildedRoseTest" time="0.296"/>
  <testcase name="Test that the Aged Brie quality is unchanged" classname="com.gildedrose.GildedRoseTest" time="0.021"/>
  <testcase name="Test 'Backstage passes to a TAFKAL80ETC concert' item" classname="com.gildedrose.GildedRoseTest" time="0.012"/>
  <testcase name="Test that the quality is updated for each item of app" classname="com.gildedrose.GildedRoseTest" time="0.015"/>
  <testcase name="Test that the quality is changed" classname="com.gildedrose.GildedRoseTest" time="0.005"/>
  <testcase name="Test Sulfuras is changed" classname="com.gildedrose.GildedRoseTest" time="0.025"/>
  <testcase name="Test that the quality is unchanged, sellIn negative value" classname="com.gildedrose.GildedRoseTest" time="0.017"/>
  <testcase name="Test that the Aged Brie quality is changed" classname="com.gildedrose.GildedRoseTest" time="0.009"/>
  <testcase name="Test that the quality maxed out" classname="com.gildedrose.GildedRoseTest" time="0.015"/>
  <testcase name="Test that the sellIn is changed" classname="com.gildedrose.GildedRoseTest" time="0.025"/>
  <system-out><![CDATA[]]></system-out>
  <system-err><![CDATA[]]></system-err>
</testsuite>
