<?xml version="1.0" encoding="UTF-8"?>
<testsuite name="com.gildedrose.GildedRoseTest" tests="4" skipped="0" failures="0" errors="0" timestamp="2022-09-23T13:00:38" hostname="pikachu" time="0.317">
  <properties/>
  <testcase name="Test that the name is unchanged" classname="com.gildedrose.GildedRoseTest" time="0.161"/>
  <testcase name="Test that the quality is changed" classname="com.gildedrose.GildedRoseTest" time="0.035"/>
  <testcase name="Test that the quality is unchanged" classname="com.gildedrose.GildedRoseTest" time="0.025"/>
  <testcase name="Test that the price is changed" classname="com.gildedrose.GildedRoseTest" time="0.009"/>
  <system-out><![CDATA[]]></system-out>
  <system-err><![CDATA[]]></system-err>
</testsuite>
