<?xml version="1.0" encoding="UTF-8"?>
<testsuite name="com.gildedrose.GildedRoseTest" tests="8" skipped="0" failures="0" errors="0" timestamp="2022-10-31T17:40:08" hostname="pikachu" time="0.29">
  <properties/>
  <testcase name="Test of the items named 'Aged Brie'" classname="com.gildedrose.GildedRoseTest" time="0.084"/>
  <testcase name="Test Conjured items" classname="com.gildedrose.GildedRoseTest" time="0.003"/>
  <testcase name="Test that the name is unchanged" classname="com.gildedrose.GildedRoseTest" time="0.003"/>
  <testcase name="Test toString() function worked" classname="com.gildedrose.GildedRoseTest" time="0.131"/>
  <testcase name="Test 'Backstage passes to a TAFKAL80ETC concert' item" classname="com.gildedrose.GildedRoseTest" time="0.004"/>
  <testcase name="Test Sulfuras is changed" classname="com.gildedrose.GildedRoseTest" time="0.003"/>
  <testcase name="Test that the quality is changed" classname="com.gildedrose.GildedRoseTest" time="0.003"/>
  <testcase name="Test that the sellIn is changed" classname="com.gildedrose.GildedRoseTest" time="0.003"/>
  <system-out><![CDATA[]]></system-out>
  <system-err><![CDATA[]]></system-err>
</testsuite>
